<?xml version="1.0" encoding="UTF-8"?>
<!-- Generated by org.testng.reporters.JUnitXMLReporter -->
<testsuite ignored="0" hostname="vivobook-asuslaptop-x512flc-x512fl" failures="0" tests="4" name="Default test" time="90.688" errors="0" timestamp="2023-11-07T15:55:21 IST">
  <testcase classname="Sanitytesting.ColabdataportalUI.Datatesting" name="login" time="15.687"/>
  <testcase classname="Sanitytesting.ColabdataportalUI.Datatesting" name="seriesset_API" time="1.986"/>
  <testcase classname="Sanitytesting.ColabdataportalUI.Datatesting" name="goatBrain" time="26.774"/>
  <testcase classname="Sanitytesting.ColabdataportalUI.Datatesting" name="mouseBrain" time="45.227"/>
</testsuite> <!-- Default test -->
