<?xml version="1.0" encoding="UTF-8"?>
<!-- Generated by org.testng.reporters.JUnitXMLReporter -->
<testsuite ignored="0" hostname="vivobook-asuslaptop-x512flc-x512fl" failures="0" tests="4" name="Default test" time="84.83" errors="0" timestamp="2023-11-07T15:33:20 IST">
  <testcase classname="Sanitytesting.ColabdataportalUI.Datatesting" name="login" time="8.111"/>
  <testcase classname="Sanitytesting.ColabdataportalUI.Datatesting" name="seriesset_API" time="1.75"/>
  <testcase classname="Sanitytesting.ColabdataportalUI.Datatesting" name="goatBrain" time="28.757"/>
  <testcase classname="Sanitytesting.ColabdataportalUI.Datatesting" name="mouseBrain" time="45.252"/>
</testsuite> <!-- Default test -->
