<?xml version="1.0" encoding="UTF-8"?>
<testng-results ignored="0" total="4" passed="4" failed="0" skipped="0">
  <reporter-output>
  </reporter-output>
  <suite started-at="2023-11-07T15:31:50 IST" name="Default suite" finished-at="2023-11-07T15:33:15 IST" duration-ms="84830">
    <groups>
    </groups>
    <test started-at="2023-11-07T15:31:50 IST" name="Default test" finished-at="2023-11-07T15:33:15 IST" duration-ms="84830">
      <class name="Sanitytesting.ColabdataportalUI.Datatesting">
        <test-method is-config="true" signature="setup()[pri:0, instance:Sanitytesting.ColabdataportalUI.Datatesting@48f278eb]" started-at="2023-11-07T15:31:50 IST" name="setup" finished-at="2023-11-07T15:31:51 IST" duration-ms="798" status="PASS">
          <reporter-output>
          </reporter-output>
        </test-method> <!-- setup -->
        <test-method signature="login()[pri:1, instance:Sanitytesting.ColabdataportalUI.Datatesting@48f278eb]" started-at="2023-11-07T15:31:51 IST" name="login" finished-at="2023-11-07T15:31:59 IST" duration-ms="8111" status="PASS">
          <reporter-output>
          </reporter-output>
        </test-method> <!-- login -->
        <test-method signature="seriesset_API()[pri:2, instance:Sanitytesting.ColabdataportalUI.Datatesting@48f278eb]" started-at="2023-11-07T15:31:59 IST" name="seriesset_API" finished-at="2023-11-07T15:32:00 IST" duration-ms="1750" status="PASS">
          <reporter-output>
          </reporter-output>
        </test-method> <!-- seriesset_API -->
        <test-method signature="goatBrain()[pri:3, instance:Sanitytesting.ColabdataportalUI.Datatesting@48f278eb]" started-at="2023-11-07T15:32:00 IST" name="goatBrain" finished-at="2023-11-07T15:32:29 IST" duration-ms="28757" status="PASS">
          <reporter-output>
          </reporter-output>
        </test-method> <!-- goatBrain -->
        <test-method signature="mouseBrain()[pri:4, instance:Sanitytesting.ColabdataportalUI.Datatesting@48f278eb]" started-at="2023-11-07T15:32:29 IST" name="mouseBrain" finished-at="2023-11-07T15:33:14 IST" duration-ms="45252" status="PASS">
          <reporter-output>
          </reporter-output>
        </test-method> <!-- mouseBrain -->
        <test-method is-config="true" signature="afterTest()[pri:0, instance:Sanitytesting.ColabdataportalUI.Datatesting@48f278eb]" started-at="2023-11-07T15:33:14 IST" name="afterTest" finished-at="2023-11-07T15:33:15 IST" duration-ms="128" status="PASS">
          <reporter-output>
          </reporter-output>
        </test-method> <!-- afterTest -->
      </class> <!-- Sanitytesting.ColabdataportalUI.Datatesting -->
    </test> <!-- Default test -->
  </suite> <!-- Default suite -->
</testng-results>
