<?xml version="1.0" encoding="UTF-8"?>
<testng-results ignored="0" total="4" passed="4" failed="0" skipped="0">
  <reporter-output>
  </reporter-output>
  <suite started-at="2023-11-07T15:53:51 IST" name="Default suite" finished-at="2023-11-07T15:55:21 IST" duration-ms="90688">
    <groups>
    </groups>
    <test started-at="2023-11-07T15:53:51 IST" name="Default test" finished-at="2023-11-07T15:55:21 IST" duration-ms="90688">
      <class name="Sanitytesting.ColabdataportalUI.Datatesting">
        <test-method is-config="true" signature="setup()[pri:0, instance:Sanitytesting.ColabdataportalUI.Datatesting@48f278eb]" started-at="2023-11-07T15:53:51 IST" name="setup" finished-at="2023-11-07T15:53:51 IST" duration-ms="861" status="PASS">
          <reporter-output>
          </reporter-output>
        </test-method> <!-- setup -->
        <test-method signature="login()[pri:1, instance:Sanitytesting.ColabdataportalUI.Datatesting@48f278eb]" started-at="2023-11-07T15:53:51 IST" name="login" finished-at="2023-11-07T15:54:07 IST" duration-ms="15687" status="PASS">
          <reporter-output>
          </reporter-output>
        </test-method> <!-- login -->
        <test-method signature="seriesset_API()[pri:2, instance:Sanitytesting.ColabdataportalUI.Datatesting@48f278eb]" started-at="2023-11-07T15:54:07 IST" name="seriesset_API" finished-at="2023-11-07T15:54:09 IST" duration-ms="1986" status="PASS">
          <reporter-output>
          </reporter-output>
        </test-method> <!-- seriesset_API -->
        <test-method signature="goatBrain()[pri:3, instance:Sanitytesting.ColabdataportalUI.Datatesting@48f278eb]" started-at="2023-11-07T15:54:09 IST" name="goatBrain" finished-at="2023-11-07T15:54:36 IST" duration-ms="26774" status="PASS">
          <reporter-output>
          </reporter-output>
        </test-method> <!-- goatBrain -->
        <test-method signature="mouseBrain()[pri:4, instance:Sanitytesting.ColabdataportalUI.Datatesting@48f278eb]" started-at="2023-11-07T15:54:36 IST" name="mouseBrain" finished-at="2023-11-07T15:55:21 IST" duration-ms="45227" status="PASS">
          <reporter-output>
          </reporter-output>
        </test-method> <!-- mouseBrain -->
        <test-method is-config="true" signature="afterTest()[pri:0, instance:Sanitytesting.ColabdataportalUI.Datatesting@48f278eb]" started-at="2023-11-07T15:55:21 IST" name="afterTest" finished-at="2023-11-07T15:55:21 IST" duration-ms="124" status="PASS">
          <reporter-output>
          </reporter-output>
        </test-method> <!-- afterTest -->
      </class> <!-- Sanitytesting.ColabdataportalUI.Datatesting -->
    </test> <!-- Default test -->
  </suite> <!-- Default suite -->
</testng-results>
